# JRE version: Java(TM) SE Runtime Environment (11.0.5+10) (build 11.0.5+10-LTS)
# Java VM: Java HotSpot(TM) 64-Bit Server VM (11.0.5+10-LTS, mixed mode, tiered, compressed oops, g1 gc, windows-amd64)
Heap:
 garbage-first heap   total 312320K, used 30218K [0x0000000702800000, 0x0000000800000000)
  region size 1024K, 14 young (14336K), 14 survivors (14336K)
 Metaspace       used 76502K, capacity 78275K, committed 78416K, reserved 1118208K
  class space    used 9568K, capacity 10275K, committed 10364K, reserved 1048576K
GC Heap History (10 events):
Event: 5.778 GC heap after
{Heap after GC invocations=4 (full 0):
 garbage-first heap   total 260096K, used 12367K [0x0000000702800000, 0x0000000800000000)
  region size 1024K, 9 young (9216K), 9 survivors (9216K)
 Metaspace       used 31923K, capacity 32682K, committed 32892K, reserved 1079296K
  class space    used 3653K, capacity 3938K, committed 3964K, reserved 1048576K
}
Event: 6.988 GC heap before
{Heap before GC invocations=4 (full 0):
 garbage-first heap   total 260096K, used 157775K [0x0000000702800000, 0x0000000800000000)
  region size 1024K, 152 young (155648K), 9 survivors (9216K)
 Metaspace       used 34961K, capacity 35802K, committed 35964K, reserved 1081344K
  class space    used 4014K, capacity 4348K, committed 4476K, reserved 1048576K
}
Event: 7.002 GC heap after
{Heap after GC invocations=5 (full 0):
 garbage-first heap   total 260096K, used 13495K [0x0000000702800000, 0x0000000800000000)
  region size 1024K, 10 young (10240K), 10 survivors (10240K)
 Metaspace       used 34961K, capacity 35802K, committed 35964K, reserved 1081344K
  class space    used 4014K, capacity 4348K, committed 4476K, reserved 1048576K
}
Event: 7.038 GC heap before
{Heap before GC invocations=5 (full 0):
 garbage-first heap   total 260096K, used 13495K [0x0000000702800000, 0x0000000800000000)
  region size 1024K, 11 young (11264K), 10 survivors (10240K)
 Metaspace       used 34993K, capacity 35809K, committed 35964K, reserved 1081344K
  class space    used 4019K, capacity 4351K, committed 4476K, reserved 1048576K
}
Event: 7.052 GC heap after
{Heap after GC invocations=6 (full 0):
 garbage-first heap   total 260096K, used 13944K [0x0000000702800000, 0x0000000800000000)
  region size 1024K, 10 young (10240K), 10 survivors (10240K)
 Metaspace       used 34993K, capacity 35809K, committed 35964K, reserved 1081344K
  class space    used 4019K, capacity 4351K, committed 4476K, reserved 1048576K
}
Event: 9.847 GC heap before
{Heap before GC invocations=7 (full 0):
 garbage-first heap   total 260096K, used 158328K [0x0000000702800000, 0x0000000800000000)
  region size 1024K, 152 young (155648K), 10 survivors (10240K)
 Metaspace       used 43208K, capacity 44327K, committed 44540K, reserved 1087488K
  class space    used 5059K, capacity 5531K, committed 5628K, reserved 1048576K
}
Event: 9.862 GC heap after
{Heap after GC invocations=8 (full 0):
 garbage-first heap   total 260096K, used 17506K [0x0000000702800000, 0x0000000800000000)
  region size 1024K, 14 young (14336K), 14 survivors (14336K)
 Metaspace       used 43208K, capacity 44327K, committed 44540K, reserved 1087488K
  class space    used 5059K, capacity 5531K, committed 5628K, reserved 1048576K
}
Event: 12.309 GC heap before
{Heap before GC invocations=8 (full 0):
 garbage-first heap   total 260096K, used 127074K [0x0000000702800000, 0x0000000800000000)
  region size 1024K, 122 young (124928K), 14 survivors (14336K)
 Metaspace       used 58928K, capacity 60243K, committed 60368K, reserved 1101824K
  class space    used 7077K, capacity 7617K, committed 7676K, reserved 1048576K
}
Event: 12.342 GC heap after
{Heap after GC invocations=9 (full 0):
 garbage-first heap   total 260096K, used 24740K [0x0000000702800000, 0x0000000800000000)
  region size 1024K, 16 young (16384K), 16 survivors (16384K)
 Metaspace       used 58928K, capacity 60243K, committed 60368K, reserved 1101824K
  class space    used 7077K, capacity 7617K, committed 7676K, reserved 1048576K
}
Event: 15.011 GC heap before
{Heap before GC invocations=10 (full 0):
 garbage-first heap   total 260096K, used 164004K [0x0000000702800000, 0x0000000800000000)
  region size 1024K, 152 young (155648K), 16 survivors (16384K)
 Metaspace       used 76502K, capacity 78275K, committed 78416K, reserved 1118208K
  class space    used 9568K, capacity 10275K, committed 10364K, reserved 1048576K
}

